{"/Users/dannyforest/Documents/GitHub/Cegep/AAQ/RevisionTests/RandomQuoteFetcher/RandomQuoteFetcher.ts": {"path":"/Users/dannyforest/Documents/GitHub/Cegep/AAQ/RevisionTests/RandomQuoteFetcher/RandomQuoteFetcher.ts","statementMap":{"0":{"start":{"line":14,"column":8},"end":{"line":14,"column":29}},"1":{"start":{"line":22,"column":8},"end":{"line":31,"column":9}},"2":{"start":{"line":23,"column":29},"end":{"line":23,"column":53}},"3":{"start":{"line":24,"column":12},"end":{"line":26,"column":13}},"4":{"start":{"line":25,"column":16},"end":{"line":25,"column":63}},"5":{"start":{"line":27,"column":25},"end":{"line":27,"column":46}},"6":{"start":{"line":28,"column":12},"end":{"line":28,"column":66}},"7":{"start":{"line":30,"column":12},"end":{"line":30,"column":62}},"8":{"start":{"line":35,"column":0},"end":{"line":35,"column":34}}},"fnMap":{"0":{"name":"(anonymous_7)","decl":{"start":{"line":13,"column":4},"end":{"line":13,"column":16}},"loc":{"start":{"line":13,"column":65},"end":{"line":15,"column":5}}},"1":{"name":"(anonymous_8)","decl":{"start":{"line":21,"column":10},"end":{"line":21,"column":26}},"loc":{"start":{"line":21,"column":26},"end":{"line":32,"column":null}}}},"branchMap":{"0":{"loc":{"start":{"line":13,"column":16},"end":{"line":13,"column":65}},"type":"default-arg","locations":[{"start":{"line":13,"column":33},"end":{"line":13,"column":65}}]},"1":{"loc":{"start":{"line":24,"column":12},"end":{"line":26,"column":13}},"type":"if","locations":[{"start":{"line":24,"column":12},"end":{"line":26,"column":13}}]}},"s":{"0":2,"1":2,"2":2,"3":2,"4":0,"5":2,"6":2,"7":0,"8":2},"f":{"0":2,"1":2},"b":{"0":[2],"1":[0]}}
}
